<testsuite errors="0" timestamp="2023-09-26T11:51:24.187185" host="localhost" tests="36" skipped="0" failures="0" time="1.068251"><testcase classname="tests.adapter_spec" name="Base __init__ it shoud set the host, username and password" file="tests/adapter_spec.py" time="0.000098" /><testcase classname="tests.adapter_spec" name="Base connect it shoud return the 'me' information" file="tests/adapter_spec.py" time="0.019089" /><testcase classname="tests.adapter_spec" name="Base _query it shoud raise an error if method is not correct" file="tests/adapter_spec.py" time="0.000083" /><testcase classname="tests.adapter_spec" name="Base _query it shoud raise an error if method is not correct" file="tests/adapter_spec.py" time="0.000594" /><testcase classname="tests.base_spec" name="Base __init__ it shoud get an instance" file="tests/base_spec.py" time="0.000067" /><testcase classname="tests.base_spec" name="Base destroy it shoud return True after destroy item" file="tests/base_spec.py" time="0.004353" /><testcase classname="tests.base_spec" name="Base destroy it shoud return False after destroy item failed" file="tests/base_spec.py" time="0.004277" /><testcase classname="tests.base_spec" name="Base _update it shoud return organization id" file="tests/base_spec.py" time="0.039782" /><testcase classname="tests.base_spec" name="Base _create it shoud return organization id" file="tests/base_spec.py" time="0.039448" /><testcase classname="tests.base_spec" name="Base find_id it shoud return organization id" file="tests/base_spec.py" time="0.042751" /><testcase classname="tests.base_spec" name="Base find_all it shoud return multiple" file="tests/base_spec.py" time="0.124002" /><testcase classname="tests.base_spec" name="Base create_or_update it shoud create if find return none" file="tests/base_spec.py" time="0.000615" /><testcase classname="tests.base_spec" name="Base create_or_update it shoud update if find return an id" file="tests/base_spec.py" time="0.000470" /><testcase classname="tests.cnd_app_spec" name="CndApp __init__ it shoud get an instance" file="tests/cnd_app_spec.py" time="0.000356" /><testcase classname="tests.group_spec" name="CndApp __init__ it shoud get an instance" file="tests/group_spec.py" time="0.000330" /><testcase classname="tests.group_spec" name="CndApp data it shoud support the right field" file="tests/group_spec.py" time="0.000262" /><testcase classname="tests.host_spec" name="CndApp __init__ it shoud get an instance" file="tests/host_spec.py" time="0.000329" /><testcase classname="tests.host_spec" name="CndApp data it shoud support the right field" file="tests/host_spec.py" time="0.000270" /><testcase classname="tests.inventory_spec" name="CndApp __init__ it shoud get an instance" file="tests/inventory_spec.py" time="0.000286" /><testcase classname="tests.inventory_spec" name="CndApp data it shoud support the right field" file="tests/inventory_spec.py" time="0.000265" /><testcase classname="tests.organization_spec" name="Organization __init__ it shoud get an instance" file="tests/organization_spec.py" time="0.000283" /><testcase classname="tests.organization_spec" name="Organization data it shoud return data" file="tests/organization_spec.py" time="0.000307" /><testcase classname="tests.organization_spec" name="Organization _update it shoud return organization id" file="tests/organization_spec.py" time="0.043937" /><testcase classname="tests.organization_spec" name="Organization _create it shoud return organization id" file="tests/organization_spec.py" time="0.042473" /><testcase classname="tests.organization_spec" name="Organization find_id it shoud return organization id" file="tests/organization_spec.py" time="0.045122" /><testcase classname="tests.organization_spec" name="Organization find_all it shoud return multiple" file="tests/organization_spec.py" time="0.123133" /><testcase classname="tests.team_spec" name="Team __init__ it shoud get an instance" file="tests/team_spec.py" time="0.000363" /><testcase classname="tests.team_spec" name="Team data it shoud support the right field" file="tests/team_spec.py" time="0.000288" /><testcase classname="tests.workflow_spec" name="CndApp __init__ it shoud get an instance" file="tests/workflow_spec.py" time="0.000295" /><testcase classname="tests.workflow_spec" name="CndApp data it shoud support the right field" file="tests/workflow_spec.py" time="0.000272" /><testcase classname="tests.workflow_spec" name="CndApp _execute it shoud return id of the workflow_job" file="tests/workflow_spec.py" time="0.025954" /><testcase classname="tests.workflow_spec" name="CndApp _wait it shoud False on failed" file="tests/workflow_spec.py" time="0.003372" /><testcase classname="tests.workflow_spec" name="CndApp _wait it shoud True on success" file="tests/workflow_spec.py" time="0.003077" /><testcase classname="tests.workflow_spec" name="CndApp _wait it shoud None if time is over" file="tests/workflow_spec.py" time="0.010894" /><testcase classname="tests.workflow_spec" name="CndApp execute_and_wait it shoud execute and wait and return True if success" file="tests/workflow_spec.py" time="0.000822" /><testcase classname="tests.workflow_spec" name="CndApp execute_and_wait it shoud execute and wait and return False if failed" file="tests/workflow_spec.py" time="0.000709" /></testsuite>